13:39:57.558 [AsyncHttpClient-1-2] DEBUG io.netty.buffer.AbstractByteBuf - -Dio.netty.buffer.checkAccessible: true
13:39:57.601 [AsyncHttpClient-1-2] DEBUG io.netty.buffer.AbstractByteBuf - -Dio.netty.buffer.checkBounds: true
13:39:57.602 [AsyncHttpClient-1-2] DEBUG io.netty.util.ResourceLeakDetectorFactory - Loaded default ResourceLeakDetector: io.netty.util.ResourceLeakDetector@63210c40
13:39:57.641 [AsyncHttpClient-1-2] DEBUG io.netty.util.Recycler - -Dio.netty.recycler.maxCapacityPerThread: 4096
13:39:57.641 [AsyncHttpClient-1-2] DEBUG io.netty.util.Recycler - -Dio.netty.recycler.ratio: 8
13:39:57.641 [AsyncHttpClient-1-2] DEBUG io.netty.util.Recycler - -Dio.netty.recycler.chunkSize: 32
13:39:57.641 [AsyncHttpClient-1-2] DEBUG io.netty.util.Recycler - -Dio.netty.recycler.blocking: false
13:39:58.413 [AsyncHttpClient-1-2] DEBUG io.netty.handler.codec.compression.Brotli - brotli4j not in the classpath; Brotli support will be unavailable.
13:39:58.651 [main] DEBUG io.netty.util.internal.ThreadLocalRandom - -Dio.netty.initialSeedUniquifier: 0xe5e53f72c6397013
13:40:17.137 [main] INFO  OpenHRMModule1LoginTest.OpenHRMModule1LoginTest - ******* Browser Open *********
13:40:17.158 [main] INFO  OpenHRMModule1LoginTest.OpenHRMModule1LoginTest - ******* Test case Execution Started *******************
13:40:19.030 [main] DEBUG OpenHRMModule1LoginTest.OpenHRMModule1LoginTest - ***Debug*****
13:40:19.332 [main] DEBUG OpenHRMModule1LoginTest.OpenHRMModule1LoginTest - ***Debug*****
13:40:21.508 [main] DEBUG OpenHRMModule1LoginTest.OpenHRMModule1LoginTest - ***Debuug*****
13:40:21.520 [main] INFO  OpenHRMModule1LoginTest.OpenHRMModule1LoginTest - ******* Test case Execution ended *******************
13:40:21.521 [main] DEBUG OpenHRMModule1LoginTest.OpenHRMModule1LoginTest - ***Debug*****
13:43:37.916 [main] DEBUG io.netty.util.internal.logging.InternalLoggerFactory - Using Log4J2 as the default logging framework
13:43:37.950 [main] DEBUG io.netty.util.ResourceLeakDetector - -Dio.netty.leakDetection.level: simple
13:43:37.951 [main] DEBUG io.netty.util.ResourceLeakDetector - -Dio.netty.leakDetection.targetRecords: 4
13:43:37.961 [main] DEBUG io.netty.util.ResourceLeakDetectorFactory - Loaded default ResourceLeakDetector: io.netty.util.ResourceLeakDetector@6aa648b9
13:43:37.984 [main] DEBUG io.netty.util.internal.PlatformDependent0 - -Dio.netty.noUnsafe: false
13:43:37.985 [main] DEBUG io.netty.util.internal.PlatformDependent0 - Java version: 16
13:43:37.986 [main] DEBUG io.netty.util.internal.PlatformDependent0 - sun.misc.Unsafe.theUnsafe: available
13:43:37.987 [main] DEBUG io.netty.util.internal.PlatformDependent0 - sun.misc.Unsafe.copyMemory: available
13:43:37.987 [main] DEBUG io.netty.util.internal.PlatformDependent0 - sun.misc.Unsafe.storeFence: available
13:43:37.988 [main] DEBUG io.netty.util.internal.PlatformDependent0 - java.nio.Buffer.address: available
13:43:37.989 [main] DEBUG io.netty.util.internal.PlatformDependent0 - direct buffer constructor: unavailable: Reflective setAccessible(true) disabled
13:43:37.990 [main] DEBUG io.netty.util.internal.PlatformDependent0 - java.nio.Bits.unaligned: available, true
13:43:37.992 [main] DEBUG io.netty.util.internal.PlatformDependent0 - jdk.internal.misc.Unsafe.allocateUninitializedArray(int): unavailable: class io.netty.util.internal.PlatformDependent0$7 cannot access class jdk.internal.misc.Unsafe (in module java.base) because module java.base does not export jdk.internal.misc to unnamed module @2096442d
13:43:37.994 [main] DEBUG io.netty.util.internal.PlatformDependent0 - java.nio.DirectByteBuffer.<init>(long, int): unavailable
13:43:37.994 [main] DEBUG io.netty.util.internal.PlatformDependent - sun.misc.Unsafe: available
13:43:37.995 [main] DEBUG io.netty.util.internal.PlatformDependent - maxDirectMemory: 2113929216 bytes (maybe)
13:43:37.996 [main] DEBUG io.netty.util.internal.PlatformDependent - -Dio.netty.tmpdir: C:\Users\daduk\AppData\Local\Temp (java.io.tmpdir)
13:43:37.996 [main] DEBUG io.netty.util.internal.PlatformDependent - -Dio.netty.bitMode: 64 (sun.arch.data.model)
13:43:37.997 [main] DEBUG io.netty.util.internal.PlatformDependent - Platform: Windows
13:43:37.998 [main] DEBUG io.netty.util.internal.PlatformDependent - -Dio.netty.maxDirectMemory: -1 bytes
13:43:37.998 [main] DEBUG io.netty.util.internal.PlatformDependent - -Dio.netty.uninitializedArrayAllocationThreshold: -1
13:43:38.000 [main] DEBUG io.netty.util.internal.CleanerJava9 - java.nio.ByteBuffer.cleaner(): available
13:43:38.001 [main] DEBUG io.netty.util.internal.PlatformDependent - -Dio.netty.noPreferDirect: false
13:43:38.009 [main] DEBUG io.netty.util.internal.PlatformDependent - org.jctools-core.MpscChunkedArrayQueue: available
13:43:38.034 [main] DEBUG io.netty.util.internal.InternalThreadLocalMap - -Dio.netty.threadLocalMap.stringBuilder.initialSize: 1024
13:43:38.034 [main] DEBUG io.netty.util.internal.InternalThreadLocalMap - -Dio.netty.threadLocalMap.stringBuilder.maxSize: 4096
13:43:38.337 [main] DEBUG io.netty.handler.ssl.JdkSslContext - Default protocols (JDK): [TLSv1.3, TLSv1.2] 
13:43:38.337 [main] DEBUG io.netty.handler.ssl.JdkSslContext - Default cipher suites (JDK): [TLS_ECDHE_ECDSA_WITH_AES_256_GCM_SHA384, TLS_ECDHE_ECDSA_WITH_AES_128_GCM_SHA256, TLS_ECDHE_RSA_WITH_AES_128_GCM_SHA256, TLS_ECDHE_RSA_WITH_AES_256_GCM_SHA384, TLS_ECDHE_RSA_WITH_AES_128_CBC_SHA, TLS_ECDHE_RSA_WITH_AES_256_CBC_SHA, TLS_RSA_WITH_AES_128_GCM_SHA256, TLS_RSA_WITH_AES_128_CBC_SHA, TLS_RSA_WITH_AES_256_CBC_SHA, TLS_AES_128_GCM_SHA256, TLS_AES_256_GCM_SHA384]
13:43:38.373 [main] DEBUG io.netty.channel.MultithreadEventLoopGroup - -Dio.netty.eventLoopThreads: 8
13:43:38.387 [main] DEBUG io.netty.channel.nio.NioEventLoop - -Dio.netty.noKeySetOptimization: false
13:43:38.387 [main] DEBUG io.netty.channel.nio.NioEventLoop - -Dio.netty.selectorAutoRebuildThreshold: 512
13:43:38.464 [main] DEBUG io.netty.buffer.PooledByteBufAllocator - -Dio.netty.allocator.numHeapArenas: 8
13:43:38.464 [main] DEBUG io.netty.buffer.PooledByteBufAllocator - -Dio.netty.allocator.numDirectArenas: 8
13:43:38.464 [main] DEBUG io.netty.buffer.PooledByteBufAllocator - -Dio.netty.allocator.pageSize: 8192
13:43:38.464 [main] DEBUG io.netty.buffer.PooledByteBufAllocator - -Dio.netty.allocator.maxOrder: 9
13:43:38.464 [main] DEBUG io.netty.buffer.PooledByteBufAllocator - -Dio.netty.allocator.chunkSize: 4194304
13:43:38.465 [main] DEBUG io.netty.buffer.PooledByteBufAllocator - -Dio.netty.allocator.smallCacheSize: 256
13:43:38.465 [main] DEBUG io.netty.buffer.PooledByteBufAllocator - -Dio.netty.allocator.normalCacheSize: 64
13:43:38.465 [main] DEBUG io.netty.buffer.PooledByteBufAllocator - -Dio.netty.allocator.maxCachedBufferCapacity: 32768
13:43:38.465 [main] DEBUG io.netty.buffer.PooledByteBufAllocator - -Dio.netty.allocator.cacheTrimInterval: 8192
13:43:38.465 [main] DEBUG io.netty.buffer.PooledByteBufAllocator - -Dio.netty.allocator.cacheTrimIntervalMillis: 0
13:43:38.465 [main] DEBUG io.netty.buffer.PooledByteBufAllocator - -Dio.netty.allocator.useCacheForAllThreads: false
13:43:38.465 [main] DEBUG io.netty.buffer.PooledByteBufAllocator - -Dio.netty.allocator.maxCachedByteBuffersPerChunk: 1023
13:43:38.476 [main] DEBUG io.netty.buffer.ByteBufUtil - -Dio.netty.allocator.type: pooled
13:43:38.476 [main] DEBUG io.netty.buffer.ByteBufUtil - -Dio.netty.threadLocalDirectBufferSize: 0
13:43:38.476 [main] DEBUG io.netty.buffer.ByteBufUtil - -Dio.netty.maxThreadLocalCharBufferSize: 16384
13:43:38.906 [Forwarding newSession on session null to remote] DEBUG io.netty.channel.DefaultChannelId - -Dio.netty.processId: 3648 (auto-detected)
13:43:38.910 [Forwarding newSession on session null to remote] DEBUG io.netty.util.NetUtil - -Djava.net.preferIPv4Stack: false
13:43:38.910 [Forwarding newSession on session null to remote] DEBUG io.netty.util.NetUtil - -Djava.net.preferIPv6Addresses: false
13:43:38.924 [Forwarding newSession on session null to remote] DEBUG io.netty.util.NetUtilInitializations - Loopback interface: lo (Software Loopback Interface 1, 127.0.0.1)
13:43:38.926 [Forwarding newSession on session null to remote] DEBUG io.netty.util.NetUtil - Failed to get SOMAXCONN from sysctl and file \proc\sys\net\core\somaxconn. Default: 200
13:43:38.976 [Forwarding newSession on session null to remote] DEBUG io.netty.channel.DefaultChannelId - -Dio.netty.machineId: 28:56:5a:ff:fe:a3:7a:09 (auto-detected)
13:43:39.049 [AsyncHttpClient-1-2] DEBUG io.netty.buffer.AbstractByteBuf - -Dio.netty.buffer.checkAccessible: true
13:43:39.049 [AsyncHttpClient-1-2] DEBUG io.netty.buffer.AbstractByteBuf - -Dio.netty.buffer.checkBounds: true
13:43:39.050 [AsyncHttpClient-1-2] DEBUG io.netty.util.ResourceLeakDetectorFactory - Loaded default ResourceLeakDetector: io.netty.util.ResourceLeakDetector@4330ef2e
13:43:39.071 [AsyncHttpClient-1-2] DEBUG io.netty.util.Recycler - -Dio.netty.recycler.maxCapacityPerThread: 4096
13:43:39.072 [AsyncHttpClient-1-2] DEBUG io.netty.util.Recycler - -Dio.netty.recycler.ratio: 8
13:43:39.072 [AsyncHttpClient-1-2] DEBUG io.netty.util.Recycler - -Dio.netty.recycler.chunkSize: 32
13:43:39.072 [AsyncHttpClient-1-2] DEBUG io.netty.util.Recycler - -Dio.netty.recycler.blocking: false
13:43:39.935 [AsyncHttpClient-1-2] DEBUG io.netty.handler.codec.compression.Brotli - brotli4j not in the classpath; Brotli support will be unavailable.
13:43:40.201 [main] DEBUG io.netty.util.internal.ThreadLocalRandom - -Dio.netty.initialSeedUniquifier: 0xa10d625cd98aefe5
13:44:29.270 [main] DEBUG OpenHRMModule1LoginTest.OpenHRMModule1LoginTest - debuggin.....
13:44:29.303 [main] INFO  OpenHRMModule1LoginTest.OpenHRMModule1LoginTest - ******* Browser Open *********
13:44:29.343 [main] INFO  OpenHRMModule1LoginTest.OpenHRMModule1LoginTest - ******* Test case Execution Started *******************
13:44:33.315 [main] DEBUG OpenHRMModule1LoginTest.OpenHRMModule1LoginTest - ***Debug*****
13:44:33.427 [main] DEBUG OpenHRMModule1LoginTest.OpenHRMModule1LoginTest - ***Debug*****
13:44:35.606 [main] DEBUG OpenHRMModule1LoginTest.OpenHRMModule1LoginTest - ***Debuug*****
13:44:35.613 [main] INFO  OpenHRMModule1LoginTest.OpenHRMModule1LoginTest - ******* Test case Execution ended *******************
13:44:35.614 [main] DEBUG OpenHRMModule1LoginTest.OpenHRMModule1LoginTest - ***Debug*****
13:46:52.175 [main] INFO  OpenHRMModule1LoginTest.OpenHRMModule1LoginTest - ******* Browser Open *********
13:46:52.196 [main] INFO  OpenHRMModule1LoginTest.OpenHRMModule1LoginTest - ******* Test case Execution Started *******************
13:47:04.090 [main] INFO  OpenHRMModule1LoginTest.OpenHRMModule1LoginTest - ******* Test case Execution ended *******************
14:33:56.170 [main] INFO  OpenHRMModule1LoginTest.OpenHRMModule1LoginTest - ******* Browser Open *********
14:33:56.194 [main] INFO  OpenHRMModule1LoginTest.OpenHRMModule1LoginTest - ******* Test case Execution Started *******************
14:34:00.891 [main] INFO  OpenHRMModule1LoginTest.OpenHRMModule1LoginTest - ******* Test case Execution ended *******************
14:38:39.015 [main] INFO  OpenHRMModule1LoginTest.OpenHRMModule1LoginTest - ******* Browser Open *********
14:38:41.069 [main] INFO  OpenHRMModule1LoginTest.OpenHRMModule1LoginTest - ******* Test case Execution Started *******************
14:38:45.643 [main] INFO  OpenHRMModule1LoginTest.OpenHRMModule1LoginTest - ******* Test case Execution ended *******************
14:40:29.422 [main] INFO  OpenHRMModule1LoginTest.OpenHRMModule1LoginTest - ******* Browser Open *********
14:40:29.789 [main] INFO  OpenHRMModule1LoginTest.OpenHRMModule1LoginTest - ******* Test case Execution Started *******************
14:40:34.457 [main] INFO  OpenHRMModule1LoginTest.OpenHRMModule1LoginTest - ******* Test case Execution ended *******************
15:24:15.595 [main] INFO  OpenHRMModule1LoginTest.OpenHRMModule1LoginTest - ******* Browser Open *********
15:24:21.175 [main] INFO  OpenHRMModule1LoginTest.OpenHRMModule1LoginTest - ******* Test case Execution Started *******************
15:24:26.630 [main] INFO  OpenHRMModule1LoginTest.OpenHRMModule1LoginTest - ******* Test case Execution ended *******************
15:30:25.519 [main] INFO  OpenHRMModule1LoginTest.OpenHRMModule1LoginTest - ******* Browser Open *********
15:30:31.898 [main] INFO  OpenHRMModule1LoginTest.OpenHRMModule1LoginTest - ******* Test case Execution Started *******************
15:30:33.666 [main] INFO  OpenHRMModule1LoginTest.OpenHRMModule1LoginTest - ******* Test case Execution ended *******************
20:11:34.399 [main] INFO  OpenHRMModule1LoginTest.OpenHRMModule1LoginTest - ******* Browser Open *********
20:11:35.080 [main] INFO  OpenHRMModule1LoginTest.OpenHRMModule1LoginTest - ******* Test case Execution Started *******************
20:11:39.637 [main] INFO  OpenHRMModule1LoginTest.OpenHRMModule1LoginTest - ******* Test case Execution ended *******************
20:23:12.724 [main] INFO  OpenHRMModule1LoginTest.OpenHRMModule1LoginTest - ******* Browser Open *********
20:23:12.975 [main] INFO  OpenHRMModule1LoginTest.OpenHRMModule1LoginTest - ******* Test case Execution Started *******************
20:23:15.785 [main] INFO  OpenHRMModule1LoginTest.OpenHRMModule1LoginTest - ******* Test case Execution ended *******************
20:29:14.523 [main] INFO  OpenHRMModule1LoginTest.OpenHRMModule1LoginTest - ******* Browser Open *********
20:29:14.774 [main] INFO  OpenHRMModule1LoginTest.OpenHRMModule1LoginTest - ******* Test case Execution Started *******************
20:29:19.085 [main] INFO  OpenHRMModule1LoginTest.OpenHRMModule1LoginTest - ******* Test case Execution ended *******************
09:21:58.920 [main] INFO  OpenHRMModule1LoginTest.OpenHRMModule1LoginTest - ******* Browser Open *********
09:22:02.352 [main] INFO  OpenHRMModule1LoginTest.OpenHRMModule1LoginTest - ******* Test case Execution Started *******************
09:22:07.559 [main] INFO  OpenHRMModule1LoginTest.OpenHRMModule1LoginTest - ******* Test case Execution ended *******************
09:34:55.087 [main] INFO  OpenHRMModule1LoginTest.OpenHRMModule1LoginTest - ******* Browser Open *********
09:34:55.113 [main] INFO  OpenHRMModule1LoginTest.OpenHRMModule1LoginTest - ******* Test case Execution Started *******************
09:34:59.532 [main] INFO  OpenHRMModule1LoginTest.OpenHRMModule1LoginTest - ******* Test case Execution ended *******************
09:58:18.680 [main] INFO  OpenHRMModule1LoginTest.OpenHRMModule1LoginTest - ******* Browser Open *********
09:58:21.794 [main] INFO  OpenHRMModule1LoginTest.OpenHRMModule1LoginTest - ******* Test case Execution Started *******************
09:58:27.145 [main] INFO  OpenHRMModule1LoginTest.OpenHRMModule1LoginTest - ******* Test case Execution ended *******************
14:54:18.590 [main] INFO  OpenHRMModule1LoginTest.OpenHRMModule1LoginTest - ******* Browser Open *********
14:54:25.907 [main] INFO  OpenHRMModule1LoginTest.OpenHRMModule1LoginTest - ******* Test case Execution Started *******************
14:54:31.153 [main] INFO  OpenHRMModule1LoginTest.OpenHRMModule1LoginTest - ******* Test case Execution ended *******************
14:30:44.704 [main] INFO  OpenHRMModule1LoginTest.OpenHRMModule1LoginTest - ******* Browser Open *********
14:30:47.376 [main] INFO  OpenHRMModule1LoginTest.OpenHRMModule1LoginTest - ******* Test case Execution Started *******************
14:30:54.374 [main] INFO  OpenHRMModule1LoginTest.OpenHRMModule1LoginTest - ******* Test case Execution ended *******************
13:58:49.750 [main] INFO  OpenHRMModule3AdminTest.ValidationOfNewUserCreated - **************Browser Open***************
13:58:49.963 [main] INFO  OpenHRMModule3AdminTest.ValidationOfNewUserCreated - **************Login into Application***************
13:58:53.178 [main] INFO  OpenHRMModule3AdminTest.ValidationOfNewUserCreated - **************Test Case Execution Started***************
13:59:08.311 [main] INFO  OpenHRMModule3AdminTest.ValidationOfNewUserCreated - ************** Verify Title Admin/management  Page ***************
13:59:08.989 [main] INFO  OpenHRMModule3AdminTest.ValidationOfNewUserCreated - ************** Verify  text  and click on add button  ***************
13:59:09.465 [main] INFO  OpenHRMModule3AdminTest.ValidationOfNewUserCreated - ************** Verify Title of Amin title ***************
13:59:09.715 [main] INFO  OpenHRMModule3AdminTest.ValidationOfNewUserCreated - ************** Verify label of Add user ***************
13:59:29.966 [main] INFO  OpenHRMModule3AdminTest.ValidationOfNewUserCreated - ************** select  Role ***************
14:04:40.571 [main] INFO  OpenHRMModule3AdminTest.ValidationOfNewUserCreated - **************Browser Open***************
14:04:40.613 [main] INFO  OpenHRMModule3AdminTest.ValidationOfNewUserCreated - **************Login into Application***************
14:04:43.983 [main] INFO  OpenHRMModule3AdminTest.ValidationOfNewUserCreated - **************Test Case Execution Started***************
14:04:46.620 [main] INFO  OpenHRMModule3AdminTest.ValidationOfNewUserCreated - ************** Verify Title Admin/management  Page ***************
14:04:47.181 [main] INFO  OpenHRMModule3AdminTest.ValidationOfNewUserCreated - ************** Verify  text  and click on add button  ***************
14:04:47.569 [main] INFO  OpenHRMModule3AdminTest.ValidationOfNewUserCreated - ************** Verify Title of Amin title ***************
14:04:47.712 [main] INFO  OpenHRMModule3AdminTest.ValidationOfNewUserCreated - ************** Verify label of Add user ***************
14:04:47.792 [main] INFO  OpenHRMModule3AdminTest.ValidationOfNewUserCreated - ************** click on User  Role ***************
14:04:48.018 [main] INFO  OpenHRMModule3AdminTest.ValidationOfNewUserCreated - ************** select  Role ***************
14:06:01.761 [main] INFO  OpenHRMModule3AdminTest.ValidationOfNewUserCreated - **************Browser Open***************
14:06:01.803 [main] INFO  OpenHRMModule3AdminTest.ValidationOfNewUserCreated - **************Login into Application***************
14:06:04.582 [main] INFO  OpenHRMModule3AdminTest.ValidationOfNewUserCreated - **************Test Case Execution Started***************
14:06:07.009 [main] INFO  OpenHRMModule3AdminTest.ValidationOfNewUserCreated - ************** Verify Title Admin/management  Page ***************
14:06:07.604 [main] INFO  OpenHRMModule3AdminTest.ValidationOfNewUserCreated - ************** Verify  text  and click on add button  ***************
14:06:08.000 [main] INFO  OpenHRMModule3AdminTest.ValidationOfNewUserCreated - ************** Verify Title of Amin title ***************
14:06:08.111 [main] INFO  OpenHRMModule3AdminTest.ValidationOfNewUserCreated - ************** Verify label of Add user ***************
14:06:08.231 [main] INFO  OpenHRMModule3AdminTest.ValidationOfNewUserCreated - ************** click on User  Role ***************
14:06:08.450 [main] INFO  OpenHRMModule3AdminTest.ValidationOfNewUserCreated - ************** select  Role ***************
14:08:06.583 [main] INFO  OpenHRMModule3AdminTest.ValidationOfNewUserCreated - **************Browser Open***************
14:08:06.632 [main] INFO  OpenHRMModule3AdminTest.ValidationOfNewUserCreated - **************Login into Application***************
14:08:09.395 [main] INFO  OpenHRMModule3AdminTest.ValidationOfNewUserCreated - **************Test Case Execution Started***************
14:08:12.171 [main] INFO  OpenHRMModule3AdminTest.ValidationOfNewUserCreated - ************** Verify Title Admin/management  Page ***************
14:08:12.947 [main] INFO  OpenHRMModule3AdminTest.ValidationOfNewUserCreated - ************** Verify  text  and click on add button  ***************
14:08:13.405 [main] INFO  OpenHRMModule3AdminTest.ValidationOfNewUserCreated - ************** Verify Title of Amin title ***************
14:08:13.479 [main] INFO  OpenHRMModule3AdminTest.ValidationOfNewUserCreated - ************** Verify label of Add user ***************
14:08:13.550 [main] INFO  OpenHRMModule3AdminTest.ValidationOfNewUserCreated - ************** click on User  Role ***************
14:08:13.785 [main] INFO  OpenHRMModule3AdminTest.ValidationOfNewUserCreated - ************** select  Role ***************
14:10:25.139 [main] INFO  OpenHRMModule3AdminTest.ValidationOfNewUserCreated - **************Browser Open***************
14:10:25.193 [main] INFO  OpenHRMModule3AdminTest.ValidationOfNewUserCreated - **************Login into Application***************
14:10:27.880 [main] INFO  OpenHRMModule3AdminTest.ValidationOfNewUserCreated - **************Test Case Execution Started***************
14:10:31.097 [main] INFO  OpenHRMModule3AdminTest.ValidationOfNewUserCreated - ************** Verify Title Admin/management  Page ***************
14:10:31.705 [main] INFO  OpenHRMModule3AdminTest.ValidationOfNewUserCreated - ************** Verify  text  and click on add button  ***************
14:10:32.167 [main] INFO  OpenHRMModule3AdminTest.ValidationOfNewUserCreated - ************** Verify Title of Amin title ***************
14:10:32.251 [main] INFO  OpenHRMModule3AdminTest.ValidationOfNewUserCreated - ************** Verify label of Add user ***************
14:10:32.303 [main] INFO  OpenHRMModule3AdminTest.ValidationOfNewUserCreated - ************** click on User  Role ***************
14:10:32.525 [main] INFO  OpenHRMModule3AdminTest.ValidationOfNewUserCreated - ************** select  Role ***************
14:12:37.994 [main] INFO  OpenHRMModule3AdminTest.ValidationOfNewUserCreated - **************Browser Open***************
14:12:38.060 [main] INFO  OpenHRMModule3AdminTest.ValidationOfNewUserCreated - **************Login into Application***************
14:12:40.784 [main] INFO  OpenHRMModule3AdminTest.ValidationOfNewUserCreated - **************Test Case Execution Started***************
14:12:43.720 [main] INFO  OpenHRMModule3AdminTest.ValidationOfNewUserCreated - ************** Verify Title Admin/management  Page ***************
14:12:44.333 [main] INFO  OpenHRMModule3AdminTest.ValidationOfNewUserCreated - ************** Verify  text  and click on add button  ***************
14:12:44.767 [main] INFO  OpenHRMModule3AdminTest.ValidationOfNewUserCreated - ************** Verify Title of Amin title ***************
14:12:44.877 [main] INFO  OpenHRMModule3AdminTest.ValidationOfNewUserCreated - ************** Verify label of Add user ***************
14:12:44.937 [main] INFO  OpenHRMModule3AdminTest.ValidationOfNewUserCreated - ************** click on User  Role ***************
14:12:45.347 [main] INFO  OpenHRMModule3AdminTest.ValidationOfNewUserCreated - ************** select  Role ***************
14:14:26.907 [main] INFO  OpenHRMModule3AdminTest.ValidationOfNewUserCreated - **************Browser Open***************
14:14:26.949 [main] INFO  OpenHRMModule3AdminTest.ValidationOfNewUserCreated - **************Login into Application***************
14:14:29.634 [main] INFO  OpenHRMModule3AdminTest.ValidationOfNewUserCreated - **************Test Case Execution Started***************
14:14:32.250 [main] INFO  OpenHRMModule3AdminTest.ValidationOfNewUserCreated - ************** Verify Title Admin/management  Page ***************
14:14:32.843 [main] INFO  OpenHRMModule3AdminTest.ValidationOfNewUserCreated - ************** Verify  text  and click on add button  ***************
14:14:33.264 [main] INFO  OpenHRMModule3AdminTest.ValidationOfNewUserCreated - ************** Verify Title of Amin title ***************
14:14:33.441 [main] INFO  OpenHRMModule3AdminTest.ValidationOfNewUserCreated - ************** Verify label of Add user ***************
14:14:33.516 [main] INFO  OpenHRMModule3AdminTest.ValidationOfNewUserCreated - ************** click on User  Role ***************
14:14:33.740 [main] INFO  OpenHRMModule3AdminTest.ValidationOfNewUserCreated - ************** select  Role ***************
14:29:37.774 [main] INFO  OpenHRMModule3AdminTest.ValidationOfNewUserCreated - **************Browser Open***************
14:29:37.822 [main] INFO  OpenHRMModule3AdminTest.ValidationOfNewUserCreated - **************Login into Application***************
14:29:40.541 [main] INFO  OpenHRMModule3AdminTest.ValidationOfNewUserCreated - **************Test Case Execution Started***************
14:29:42.835 [main] INFO  OpenHRMModule3AdminTest.ValidationOfNewUserCreated - ************** Verify Title Admin/management  Page ***************
14:29:43.673 [main] INFO  OpenHRMModule3AdminTest.ValidationOfNewUserCreated - ************** Verify  text  and click on add button  ***************
14:29:44.085 [main] INFO  OpenHRMModule3AdminTest.ValidationOfNewUserCreated - ************** Verify Title of Amin title ***************
14:29:44.176 [main] INFO  OpenHRMModule3AdminTest.ValidationOfNewUserCreated - ************** Verify label of Add user ***************
14:29:44.225 [main] INFO  OpenHRMModule3AdminTest.ValidationOfNewUserCreated - ************** click on User  Role ***************
14:29:44.394 [main] INFO  OpenHRMModule3AdminTest.ValidationOfNewUserCreated - ************** select  Role ***************
14:29:44.572 [main] INFO  OpenHRMModule3AdminTest.ValidationOfNewUserCreated - ************** Employee Name entered ***************
14:29:46.708 [main] INFO  OpenHRMModule3AdminTest.ValidationOfNewUserCreated - **************   Employee Name is Selected  ***************
14:29:46.755 [main] INFO  OpenHRMModule3AdminTest.ValidationOfNewUserCreated - ************** Click on Status ***************
14:29:46.950 [main] INFO  OpenHRMModule3AdminTest.ValidationOfNewUserCreated - ************** Status  Selected ***************
14:29:47.102 [main] INFO  OpenHRMModule3AdminTest.ValidationOfNewUserCreated - ************** User Name Entered ***************
14:29:47.382 [main] INFO  OpenHRMModule3AdminTest.ValidationOfNewUserCreated - ************** Password Entered ***************
14:29:47.759 [main] INFO  OpenHRMModule3AdminTest.ValidationOfNewUserCreated - ************** Confirm  Password Entered ***************
14:29:47.864 [main] INFO  OpenHRMModule3AdminTest.ValidationOfNewUserCreated - ************** click on Save button ***************
14:30:53.887 [main] INFO  OpenHRMModule3AdminTest.ValidationOfNewUserCreated - **************Browser Open***************
14:30:53.927 [main] INFO  OpenHRMModule3AdminTest.ValidationOfNewUserCreated - **************Login into Application***************
14:30:56.609 [main] INFO  OpenHRMModule3AdminTest.ValidationOfNewUserCreated - **************Test Case Execution Started***************
14:30:59.369 [main] INFO  OpenHRMModule3AdminTest.ValidationOfNewUserCreated - ************** Verify Title Admin/management  Page ***************
14:30:59.997 [main] INFO  OpenHRMModule3AdminTest.ValidationOfNewUserCreated - ************** Verify  text  and click on add button  ***************
14:31:00.516 [main] INFO  OpenHRMModule3AdminTest.ValidationOfNewUserCreated - ************** Verify Title of Amin title ***************
14:31:00.614 [main] INFO  OpenHRMModule3AdminTest.ValidationOfNewUserCreated - ************** Verify label of Add user ***************
14:31:00.692 [main] INFO  OpenHRMModule3AdminTest.ValidationOfNewUserCreated - ************** click on User  Role ***************
14:31:00.850 [main] INFO  OpenHRMModule3AdminTest.ValidationOfNewUserCreated - ************** select  Role ***************
14:31:01.047 [main] INFO  OpenHRMModule3AdminTest.ValidationOfNewUserCreated - ************** Employee Name entered ***************
14:31:03.317 [main] INFO  OpenHRMModule3AdminTest.ValidationOfNewUserCreated - **************   Employee Name is Selected  ***************
14:31:03.379 [main] INFO  OpenHRMModule3AdminTest.ValidationOfNewUserCreated - ************** Click on Status ***************
14:31:03.521 [main] INFO  OpenHRMModule3AdminTest.ValidationOfNewUserCreated - ************** Status  Selected ***************
14:31:03.689 [main] INFO  OpenHRMModule3AdminTest.ValidationOfNewUserCreated - ************** User Name Entered ***************
14:31:03.941 [main] INFO  OpenHRMModule3AdminTest.ValidationOfNewUserCreated - ************** Password Entered ***************
14:31:04.306 [main] INFO  OpenHRMModule3AdminTest.ValidationOfNewUserCreated - ************** Confirm  Password Entered ***************
14:31:04.408 [main] INFO  OpenHRMModule3AdminTest.ValidationOfNewUserCreated - ************** click on Save button ***************
14:31:11.134 [main] INFO  OpenHRMModule3AdminTest.ValidationOfNewUserCreated - ************** verify success Message ***************
14:35:26.656 [main] INFO  OpenHRMModule3AdminTest.ValidationOfNewUserCreated - **************Browser Open***************
14:35:26.705 [main] INFO  OpenHRMModule3AdminTest.ValidationOfNewUserCreated - **************Login into Application***************
14:35:29.522 [main] INFO  OpenHRMModule3AdminTest.ValidationOfNewUserCreated - **************Test Case Execution Started***************
14:35:32.181 [main] INFO  OpenHRMModule3AdminTest.ValidationOfNewUserCreated - ************** Verify Title Admin/management  Page ***************
14:35:32.805 [main] INFO  OpenHRMModule3AdminTest.ValidationOfNewUserCreated - ************** Verify  text  and click on add button  ***************
14:35:33.212 [main] INFO  OpenHRMModule3AdminTest.ValidationOfNewUserCreated - ************** Verify Title of Amin title ***************
14:35:33.362 [main] INFO  OpenHRMModule3AdminTest.ValidationOfNewUserCreated - ************** Verify label of Add user ***************
14:35:33.448 [main] INFO  OpenHRMModule3AdminTest.ValidationOfNewUserCreated - ************** click on User  Role ***************
14:35:33.659 [main] INFO  OpenHRMModule3AdminTest.ValidationOfNewUserCreated - ************** select  Role ***************
14:35:33.835 [main] INFO  OpenHRMModule3AdminTest.ValidationOfNewUserCreated - ************** Employee Name entered ***************
14:35:35.977 [main] INFO  OpenHRMModule3AdminTest.ValidationOfNewUserCreated - **************   Employee Name is Selected  ***************
14:35:36.047 [main] INFO  OpenHRMModule3AdminTest.ValidationOfNewUserCreated - ************** Click on Status ***************
14:35:36.227 [main] INFO  OpenHRMModule3AdminTest.ValidationOfNewUserCreated - ************** Status  Selected ***************
14:35:36.405 [main] INFO  OpenHRMModule3AdminTest.ValidationOfNewUserCreated - ************** User Name Entered ***************
14:35:36.696 [main] INFO  OpenHRMModule3AdminTest.ValidationOfNewUserCreated - ************** Password Entered ***************
14:35:36.958 [main] INFO  OpenHRMModule3AdminTest.ValidationOfNewUserCreated - ************** Confirm  Password Entered ***************
14:35:37.101 [main] INFO  OpenHRMModule3AdminTest.ValidationOfNewUserCreated - ************** click on Save button ***************
14:37:34.909 [main] INFO  OpenHRMModule3AdminTest.ValidationOfNewUserCreated - **************Browser Open***************
14:37:34.952 [main] INFO  OpenHRMModule3AdminTest.ValidationOfNewUserCreated - **************Login into Application***************
14:37:37.594 [main] INFO  OpenHRMModule3AdminTest.ValidationOfNewUserCreated - **************Test Case Execution Started***************
14:37:40.199 [main] INFO  OpenHRMModule3AdminTest.ValidationOfNewUserCreated - ************** Verify Title Admin/management  Page ***************
14:37:40.794 [main] INFO  OpenHRMModule3AdminTest.ValidationOfNewUserCreated - ************** Verify  text  and click on add button  ***************
14:37:41.203 [main] INFO  OpenHRMModule3AdminTest.ValidationOfNewUserCreated - ************** Verify Title of Amin title ***************
14:37:41.279 [main] INFO  OpenHRMModule3AdminTest.ValidationOfNewUserCreated - ************** Verify label of Add user ***************
14:37:41.334 [main] INFO  OpenHRMModule3AdminTest.ValidationOfNewUserCreated - ************** click on User  Role ***************
14:37:41.621 [main] INFO  OpenHRMModule3AdminTest.ValidationOfNewUserCreated - ************** select  Role ***************
14:37:41.806 [main] INFO  OpenHRMModule3AdminTest.ValidationOfNewUserCreated - ************** Employee Name entered ***************
14:37:43.980 [main] INFO  OpenHRMModule3AdminTest.ValidationOfNewUserCreated - **************   Employee Name is Selected  ***************
14:37:44.045 [main] INFO  OpenHRMModule3AdminTest.ValidationOfNewUserCreated - ************** Click on Status ***************
14:37:44.295 [main] INFO  OpenHRMModule3AdminTest.ValidationOfNewUserCreated - ************** Status  Selected ***************
14:37:44.484 [main] INFO  OpenHRMModule3AdminTest.ValidationOfNewUserCreated - ************** User Name Entered ***************
14:37:44.776 [main] INFO  OpenHRMModule3AdminTest.ValidationOfNewUserCreated - ************** Password Entered ***************
14:37:45.021 [main] INFO  OpenHRMModule3AdminTest.ValidationOfNewUserCreated - ************** Confirm  Password Entered ***************
14:37:45.173 [main] INFO  OpenHRMModule3AdminTest.ValidationOfNewUserCreated - ************** click on Save button ***************
14:39:34.020 [main] INFO  OpenHRMModule3AdminTest.ValidationOfNewUserCreated - **************Browser Open***************
14:39:34.059 [main] INFO  OpenHRMModule3AdminTest.ValidationOfNewUserCreated - **************Login into Application***************
14:39:37.026 [main] INFO  OpenHRMModule3AdminTest.ValidationOfNewUserCreated - **************Test Case Execution Started***************
14:39:39.569 [main] INFO  OpenHRMModule3AdminTest.ValidationOfNewUserCreated - ************** Verify Title Admin/management  Page ***************
14:39:40.197 [main] INFO  OpenHRMModule3AdminTest.ValidationOfNewUserCreated - ************** Verify  text  and click on add button  ***************
14:39:40.661 [main] INFO  OpenHRMModule3AdminTest.ValidationOfNewUserCreated - ************** Verify Title of Amin title ***************
14:39:40.774 [main] INFO  OpenHRMModule3AdminTest.ValidationOfNewUserCreated - ************** Verify label of Add user ***************
14:39:40.849 [main] INFO  OpenHRMModule3AdminTest.ValidationOfNewUserCreated - ************** click on User  Role ***************
14:39:41.165 [main] INFO  OpenHRMModule3AdminTest.ValidationOfNewUserCreated - ************** select  Role ***************
14:39:41.448 [main] INFO  OpenHRMModule3AdminTest.ValidationOfNewUserCreated - ************** Employee Name entered ***************
14:39:43.617 [main] INFO  OpenHRMModule3AdminTest.ValidationOfNewUserCreated - **************   Employee Name is Selected  ***************
14:39:43.675 [main] INFO  OpenHRMModule3AdminTest.ValidationOfNewUserCreated - ************** Click on Status ***************
14:39:43.854 [main] INFO  OpenHRMModule3AdminTest.ValidationOfNewUserCreated - ************** Status  Selected ***************
14:39:44.109 [main] INFO  OpenHRMModule3AdminTest.ValidationOfNewUserCreated - ************** User Name Entered ***************
14:39:44.378 [main] INFO  OpenHRMModule3AdminTest.ValidationOfNewUserCreated - ************** Password Entered ***************
14:39:44.656 [main] INFO  OpenHRMModule3AdminTest.ValidationOfNewUserCreated - ************** Confirm  Password Entered ***************
14:39:44.834 [main] INFO  OpenHRMModule3AdminTest.ValidationOfNewUserCreated - ************** click on Save button ***************
14:41:03.310 [main] INFO  OpenHRMModule3AdminTest.ValidationOfNewUserCreated - **************Browser Open***************
14:41:03.359 [main] INFO  OpenHRMModule3AdminTest.ValidationOfNewUserCreated - **************Login into Application***************
14:41:05.922 [main] INFO  OpenHRMModule3AdminTest.ValidationOfNewUserCreated - **************Test Case Execution Started***************
14:41:08.555 [main] INFO  OpenHRMModule3AdminTest.ValidationOfNewUserCreated - ************** Verify Title Admin/management  Page ***************
14:41:09.339 [main] INFO  OpenHRMModule3AdminTest.ValidationOfNewUserCreated - ************** Verify  text  and click on add button  ***************
14:41:09.775 [main] INFO  OpenHRMModule3AdminTest.ValidationOfNewUserCreated - ************** Verify Title of Amin title ***************
14:41:09.870 [main] INFO  OpenHRMModule3AdminTest.ValidationOfNewUserCreated - ************** Verify label of Add user ***************
14:41:09.924 [main] INFO  OpenHRMModule3AdminTest.ValidationOfNewUserCreated - ************** click on User  Role ***************
14:41:10.157 [main] INFO  OpenHRMModule3AdminTest.ValidationOfNewUserCreated - ************** select  Role ***************
14:41:10.433 [main] INFO  OpenHRMModule3AdminTest.ValidationOfNewUserCreated - ************** Employee Name entered ***************
14:41:12.609 [main] INFO  OpenHRMModule3AdminTest.ValidationOfNewUserCreated - **************   Employee Name is Selected  ***************
14:41:12.671 [main] INFO  OpenHRMModule3AdminTest.ValidationOfNewUserCreated - ************** Click on Status ***************
14:41:12.899 [main] INFO  OpenHRMModule3AdminTest.ValidationOfNewUserCreated - ************** Status  Selected ***************
14:41:13.121 [main] INFO  OpenHRMModule3AdminTest.ValidationOfNewUserCreated - ************** User Name Entered ***************
14:41:13.438 [main] INFO  OpenHRMModule3AdminTest.ValidationOfNewUserCreated - ************** Password Entered ***************
14:41:13.688 [main] INFO  OpenHRMModule3AdminTest.ValidationOfNewUserCreated - ************** Confirm  Password Entered ***************
14:41:13.795 [main] INFO  OpenHRMModule3AdminTest.ValidationOfNewUserCreated - ************** click on Save button ***************
14:41:51.831 [main] INFO  OpenHRMModule3AdminTest.ValidationOfNewUserCreated - **************Browser Open***************
14:41:51.875 [main] INFO  OpenHRMModule3AdminTest.ValidationOfNewUserCreated - **************Login into Application***************
14:41:54.858 [main] INFO  OpenHRMModule3AdminTest.ValidationOfNewUserCreated - **************Test Case Execution Started***************
14:41:57.450 [main] INFO  OpenHRMModule3AdminTest.ValidationOfNewUserCreated - ************** Verify Title Admin/management  Page ***************
14:41:58.026 [main] INFO  OpenHRMModule3AdminTest.ValidationOfNewUserCreated - ************** Verify  text  and click on add button  ***************
14:41:58.572 [main] INFO  OpenHRMModule3AdminTest.ValidationOfNewUserCreated - ************** Verify Title of Amin title ***************
14:41:58.670 [main] INFO  OpenHRMModule3AdminTest.ValidationOfNewUserCreated - ************** Verify label of Add user ***************
14:41:58.753 [main] INFO  OpenHRMModule3AdminTest.ValidationOfNewUserCreated - ************** click on User  Role ***************
14:41:58.965 [main] INFO  OpenHRMModule3AdminTest.ValidationOfNewUserCreated - ************** select  Role ***************
14:41:59.147 [main] INFO  OpenHRMModule3AdminTest.ValidationOfNewUserCreated - ************** Employee Name entered ***************
14:42:01.316 [main] INFO  OpenHRMModule3AdminTest.ValidationOfNewUserCreated - **************   Employee Name is Selected  ***************
14:42:01.381 [main] INFO  OpenHRMModule3AdminTest.ValidationOfNewUserCreated - ************** Click on Status ***************
14:42:01.552 [main] INFO  OpenHRMModule3AdminTest.ValidationOfNewUserCreated - ************** Status  Selected ***************
14:42:01.721 [main] INFO  OpenHRMModule3AdminTest.ValidationOfNewUserCreated - ************** User Name Entered ***************
14:42:01.943 [main] INFO  OpenHRMModule3AdminTest.ValidationOfNewUserCreated - ************** Password Entered ***************
14:42:02.155 [main] INFO  OpenHRMModule3AdminTest.ValidationOfNewUserCreated - ************** Confirm  Password Entered ***************
14:42:02.285 [main] INFO  OpenHRMModule3AdminTest.ValidationOfNewUserCreated - ************** click on Save button ***************
14:42:40.961 [main] INFO  OpenHRMModule3AdminTest.ValidationOfNewUserCreated - **************Browser Open***************
14:42:41.002 [main] INFO  OpenHRMModule3AdminTest.ValidationOfNewUserCreated - **************Login into Application***************
14:42:44.213 [main] INFO  OpenHRMModule3AdminTest.ValidationOfNewUserCreated - **************Test Case Execution Started***************
14:42:46.568 [main] INFO  OpenHRMModule3AdminTest.ValidationOfNewUserCreated - ************** Verify Title Admin/management  Page ***************
14:42:47.565 [main] INFO  OpenHRMModule3AdminTest.ValidationOfNewUserCreated - ************** Verify  text  and click on add button  ***************
14:42:48.006 [main] INFO  OpenHRMModule3AdminTest.ValidationOfNewUserCreated - ************** Verify Title of Amin title ***************
14:42:48.304 [main] INFO  OpenHRMModule3AdminTest.ValidationOfNewUserCreated - ************** Verify label of Add user ***************
14:42:48.412 [main] INFO  OpenHRMModule3AdminTest.ValidationOfNewUserCreated - ************** click on User  Role ***************
14:42:48.644 [main] INFO  OpenHRMModule3AdminTest.ValidationOfNewUserCreated - ************** select  Role ***************
14:42:48.812 [main] INFO  OpenHRMModule3AdminTest.ValidationOfNewUserCreated - ************** Employee Name entered ***************
14:42:51.016 [main] INFO  OpenHRMModule3AdminTest.ValidationOfNewUserCreated - **************   Employee Name is Selected  ***************
14:42:51.089 [main] INFO  OpenHRMModule3AdminTest.ValidationOfNewUserCreated - ************** Click on Status ***************
14:42:51.308 [main] INFO  OpenHRMModule3AdminTest.ValidationOfNewUserCreated - ************** Status  Selected ***************
14:42:51.530 [main] INFO  OpenHRMModule3AdminTest.ValidationOfNewUserCreated - ************** User Name Entered ***************
14:42:51.778 [main] INFO  OpenHRMModule3AdminTest.ValidationOfNewUserCreated - ************** Password Entered ***************
14:42:52.016 [main] INFO  OpenHRMModule3AdminTest.ValidationOfNewUserCreated - ************** Confirm  Password Entered ***************
14:42:52.152 [main] INFO  OpenHRMModule3AdminTest.ValidationOfNewUserCreated - ************** click on Save button ***************
14:47:04.753 [main] INFO  OpenHRMModule3AdminTest.ValidationOfNewUserCreated - **************Browser Open***************
14:47:04.801 [main] INFO  OpenHRMModule3AdminTest.ValidationOfNewUserCreated - **************Login into Application***************
14:47:08.785 [main] INFO  OpenHRMModule3AdminTest.ValidationOfNewUserCreated - **************Test Case Execution Started***************
14:47:11.876 [main] INFO  OpenHRMModule3AdminTest.ValidationOfNewUserCreated - ************** Verify Title Admin/management  Page ***************
14:47:12.543 [main] INFO  OpenHRMModule3AdminTest.ValidationOfNewUserCreated - ************** Verify  text  and click on add button  ***************
14:47:13.103 [main] INFO  OpenHRMModule3AdminTest.ValidationOfNewUserCreated - ************** Verify Title of Amin title ***************
14:47:13.210 [main] INFO  OpenHRMModule3AdminTest.ValidationOfNewUserCreated - ************** Verify label of Add user ***************
14:47:13.264 [main] INFO  OpenHRMModule3AdminTest.ValidationOfNewUserCreated - ************** click on User  Role ***************
14:47:13.467 [main] INFO  OpenHRMModule3AdminTest.ValidationOfNewUserCreated - ************** select  Role ***************
14:47:13.637 [main] INFO  OpenHRMModule3AdminTest.ValidationOfNewUserCreated - ************** Employee Name entered ***************
14:47:15.790 [main] INFO  OpenHRMModule3AdminTest.ValidationOfNewUserCreated - **************   Employee Name is Selected  ***************
14:47:15.872 [main] INFO  OpenHRMModule3AdminTest.ValidationOfNewUserCreated - ************** Click on Status ***************
14:47:16.015 [main] INFO  OpenHRMModule3AdminTest.ValidationOfNewUserCreated - ************** Status  Selected ***************
14:47:16.193 [main] INFO  OpenHRMModule3AdminTest.ValidationOfNewUserCreated - ************** User Name Entered ***************
14:47:18.441 [main] INFO  OpenHRMModule3AdminTest.ValidationOfNewUserCreated - ************** Password Entered ***************
14:47:18.736 [main] INFO  OpenHRMModule3AdminTest.ValidationOfNewUserCreated - ************** Confirm  Password Entered ***************
14:47:26.131 [main] INFO  OpenHRMModule3AdminTest.ValidationOfNewUserCreated - ************** click on Save button ***************
14:48:27.744 [main] INFO  OpenHRMModule3AdminTest.ValidationOfNewUserCreated - **************Browser Open***************
14:48:27.796 [main] INFO  OpenHRMModule3AdminTest.ValidationOfNewUserCreated - **************Login into Application***************
14:48:30.634 [main] INFO  OpenHRMModule3AdminTest.ValidationOfNewUserCreated - **************Test Case Execution Started***************
14:48:33.406 [main] INFO  OpenHRMModule3AdminTest.ValidationOfNewUserCreated - ************** Verify Title Admin/management  Page ***************
14:48:34.034 [main] INFO  OpenHRMModule3AdminTest.ValidationOfNewUserCreated - ************** Verify  text  and click on add button  ***************
14:48:34.572 [main] INFO  OpenHRMModule3AdminTest.ValidationOfNewUserCreated - ************** Verify Title of Amin title ***************
14:48:34.663 [main] INFO  OpenHRMModule3AdminTest.ValidationOfNewUserCreated - ************** Verify label of Add user ***************
14:48:34.723 [main] INFO  OpenHRMModule3AdminTest.ValidationOfNewUserCreated - ************** click on User  Role ***************
14:48:34.932 [main] INFO  OpenHRMModule3AdminTest.ValidationOfNewUserCreated - ************** select  Role ***************
14:48:35.158 [main] INFO  OpenHRMModule3AdminTest.ValidationOfNewUserCreated - ************** Employee Name entered ***************
14:48:37.335 [main] INFO  OpenHRMModule3AdminTest.ValidationOfNewUserCreated - **************   Employee Name is Selected  ***************
14:48:37.399 [main] INFO  OpenHRMModule3AdminTest.ValidationOfNewUserCreated - ************** Click on Status ***************
14:48:37.542 [main] INFO  OpenHRMModule3AdminTest.ValidationOfNewUserCreated - ************** Status  Selected ***************
14:48:37.775 [main] INFO  OpenHRMModule3AdminTest.ValidationOfNewUserCreated - ************** User Name Entered ***************
14:48:40.081 [main] INFO  OpenHRMModule3AdminTest.ValidationOfNewUserCreated - ************** Password Entered ***************
14:48:40.364 [main] INFO  OpenHRMModule3AdminTest.ValidationOfNewUserCreated - ************** Confirm  Password Entered ***************
14:48:47.540 [main] INFO  OpenHRMModule3AdminTest.ValidationOfNewUserCreated - ************** click on Save button ***************
14:51:02.797 [main] INFO  OpenHRMModule3AdminTest.ValidationOfNewUserCreated - **************Browser Open***************
14:51:02.845 [main] INFO  OpenHRMModule3AdminTest.ValidationOfNewUserCreated - **************Login into Application***************
14:51:06.209 [main] INFO  OpenHRMModule3AdminTest.ValidationOfNewUserCreated - **************Test Case Execution Started***************
14:51:08.858 [main] INFO  OpenHRMModule3AdminTest.ValidationOfNewUserCreated - ************** Verify Title Admin/management  Page ***************
14:51:09.611 [main] INFO  OpenHRMModule3AdminTest.ValidationOfNewUserCreated - ************** Verify  text  and click on add button  ***************
14:51:10.106 [main] INFO  OpenHRMModule3AdminTest.ValidationOfNewUserCreated - ************** Verify Title of Amin title ***************
14:51:10.195 [main] INFO  OpenHRMModule3AdminTest.ValidationOfNewUserCreated - ************** Verify label of Add user ***************
14:51:10.245 [main] INFO  OpenHRMModule3AdminTest.ValidationOfNewUserCreated - ************** click on User  Role ***************
14:51:10.456 [main] INFO  OpenHRMModule3AdminTest.ValidationOfNewUserCreated - ************** select  Role ***************
14:51:10.664 [main] INFO  OpenHRMModule3AdminTest.ValidationOfNewUserCreated - ************** Employee Name entered ***************
14:51:12.813 [main] INFO  OpenHRMModule3AdminTest.ValidationOfNewUserCreated - **************   Employee Name is Selected  ***************
14:51:12.867 [main] INFO  OpenHRMModule3AdminTest.ValidationOfNewUserCreated - ************** Click on Status ***************
14:51:12.998 [main] INFO  OpenHRMModule3AdminTest.ValidationOfNewUserCreated - ************** Status  Selected ***************
14:51:13.235 [main] INFO  OpenHRMModule3AdminTest.ValidationOfNewUserCreated - ************** User Name Entered ***************
14:51:15.538 [main] INFO  OpenHRMModule3AdminTest.ValidationOfNewUserCreated - ************** Password Entered ***************
14:51:15.800 [main] INFO  OpenHRMModule3AdminTest.ValidationOfNewUserCreated - ************** Confirm  Password Entered ***************
14:51:23.176 [main] INFO  OpenHRMModule3AdminTest.ValidationOfNewUserCreated - ************** click on Save button ***************
14:54:46.842 [main] INFO  OpenHRMModule3AdminTest.ValidationOfNewUserCreated - **************Browser Open***************
14:54:46.892 [main] INFO  OpenHRMModule3AdminTest.ValidationOfNewUserCreated - **************Login into Application***************
14:54:50.597 [main] INFO  OpenHRMModule3AdminTest.ValidationOfNewUserCreated - **************Test Case Execution Started***************
14:54:53.223 [main] INFO  OpenHRMModule3AdminTest.ValidationOfNewUserCreated - ************** Verify Title Admin/management  Page ***************
14:54:53.834 [main] INFO  OpenHRMModule3AdminTest.ValidationOfNewUserCreated - ************** Verify  text  and click on add button  ***************
14:54:54.265 [main] INFO  OpenHRMModule3AdminTest.ValidationOfNewUserCreated - ************** Verify Title of Amin title ***************
14:54:54.364 [main] INFO  OpenHRMModule3AdminTest.ValidationOfNewUserCreated - ************** Verify label of Add user ***************
